2026-01-19T09:50:38+00:00 - display.php loaded
2026-01-19T09:50:40+00:00 - display.php loaded
2026-01-19T09:50:40+00:00 - display.php loaded
2026-01-19T09:51:23+00:00 - display.php loaded
2026-01-19T09:52:16+00:00 - display.php loaded
2026-01-19T09:52:22+00:00 - display.php loaded
2026-01-19T09:53:11+00:00 - display.php loaded
2026-01-19T09:54:03+00:00 - display.php loaded
2026-01-19T09:54:04+00:00 - display.php loaded
2026-01-19T09:56:51+00:00 - display.php loaded
2026-01-19T09:58:11+00:00 - display.php loaded
2026-01-19T09:58:12+00:00 - display.php loaded
2026-01-19T09:58:24+00:00 - display.php loaded
2026-01-19T09:58:30+00:00 - display.php loaded
2026-01-19T09:59:55+00:00 - display.php loaded
2026-01-19T10:00:40+00:00 - display.php loaded
2026-01-19T10:02:24+00:00 - display.php loaded
2026-01-19T10:02:26+00:00 - display.php loaded
2026-01-19T10:02:26+00:00 - display.php loaded
2026-01-19T10:02:27+00:00 - display.php loaded
2026-01-19T10:02:27+00:00 - display.php loaded
2026-01-19T10:02:27+00:00 - display.php loaded
2026-01-19T10:02:27+00:00 - display.php loaded
2026-01-19T10:02:27+00:00 - display.php loaded
2026-01-19T10:02:27+00:00 - display.php loaded
2026-01-19T10:02:28+00:00 - display.php loaded
2026-01-19T10:02:28+00:00 - display.php loaded
2026-01-19T10:02:28+00:00 - display.php loaded
2026-01-19T10:02:28+00:00 - display.php loaded
2026-01-19T10:02:30+00:00 - display.php loaded
2026-01-19T10:02:38+00:00 - display.php loaded
2026-01-19T10:02:49+00:00 - display.php loaded
2026-01-19T10:02:49+00:00 - POST start: action=login method=POST remote=193.213.190.26
2026-01-19T10:02:49+00:00 - POST keys: username,password,action
2026-01-19T10:02:49+00:00 - COOKIES: ["PHPSESSID"]
2026-01-19T10:02:59+00:00 - display.php loaded
2026-01-19T10:02:59+00:00 - POST start: action=login method=POST remote=193.213.190.26
2026-01-19T10:02:59+00:00 - POST keys: username,password,action
2026-01-19T10:02:59+00:00 - COOKIES: ["PHPSESSID","PLESKSESSID","sites-dynamic-list-state-collapsed"]
2026-01-19T10:03:27+00:00 - display.php loaded
2026-01-19T10:03:27+00:00 - POST start: action=login method=POST remote=193.213.190.26
2026-01-19T10:03:27+00:00 - POST keys: username,password,action
2026-01-19T10:03:27+00:00 - COOKIES: ["PHPSESSID"]
2026-01-19T10:03:28+00:00 - display.php loaded
2026-01-19T10:03:28+00:00 - POST start: action=login method=POST remote=193.213.190.26
2026-01-19T10:03:28+00:00 - POST keys: username,password,action
2026-01-19T10:03:28+00:00 - COOKIES: ["PHPSESSID"]
2026-01-19T10:03:38+00:00 - display.php loaded
2026-01-19T10:03:38+00:00 - display.php loaded
2026-01-19T10:03:47+00:00 - display.php loaded
2026-01-19T10:03:50+00:00 - display.php loaded
2026-01-19T10:04:44+00:00 - display.php loaded
2026-01-19T10:05:15+00:00 - display.php loaded
2026-01-19T10:08:06+00:00 - display.php loaded
2026-01-19T10:08:21+00:00 - display.php loaded
2026-01-19T10:09:58+00:00 - display.php loaded
2026-01-19T10:12:10+00:00 - display.php loaded
2026-01-19T10:12:14+00:00 - display.php loaded
2026-01-19T10:13:39+00:00 - display.php loaded
2026-01-19T10:13:48+00:00 - display.php loaded
2026-01-19T10:14:11+00:00 - display.php loaded
2026-01-19T10:15:08+00:00 - display.php loaded
2026-01-19T10:17:39+00:00 - display.php loaded
2026-01-19T10:19:24+00:00 - display.php loaded
2026-01-19T10:20:26+00:00 - display.php loaded
2026-01-19T10:21:18+00:00 - display.php loaded
2026-01-19T10:21:19+00:00 - display.php loaded
2026-01-19T10:21:19+00:00 - display.php loaded
2026-01-19T10:23:37+00:00 - display.php loaded
2026-01-19T10:23:37+00:00 - display.php loaded
2026-01-19T10:23:38+00:00 - display.php loaded
2026-01-19T10:23:39+00:00 - display.php loaded
2026-01-19T10:23:39+00:00 - display.php loaded
2026-01-19T10:24:33+00:00 - display.php loaded
2026-01-19T10:24:57+00:00 - display.php loaded
2026-01-19T10:24:58+00:00 - display.php loaded
2026-01-19T10:25:48+00:00 - display.php loaded
2026-01-19T10:25:50+00:00 - display.php loaded
2026-01-19T10:26:11+00:00 - display.php loaded
2026-01-19T10:26:35+00:00 - display.php loaded
2026-01-19T10:26:36+00:00 - display.php loaded
2026-01-19T10:26:54+00:00 - display.php loaded
2026-01-19T10:27:12+00:00 - display.php loaded
2026-01-19T10:27:23+00:00 - display.php loaded
2026-01-19T10:27:37+00:00 - display.php loaded
2026-01-19T10:27:41+00:00 - display.php loaded
2026-01-19T10:29:51+00:00 - display.php loaded
2026-01-19T10:30:40+00:00 - display.php loaded
2026-01-19T10:30:40+00:00 - display.php loaded
2026-01-19T10:30:55+00:00 - display.php loaded
2026-01-19T10:31:11+00:00 - display.php loaded
2026-01-19T10:31:12+00:00 - display.php loaded
2026-01-19T10:31:13+00:00 - display.php loaded
2026-01-19T10:31:14+00:00 - display.php loaded
2026-01-19T10:31:14+00:00 - display.php loaded
2026-01-19T10:31:22+00:00 - display.php loaded
2026-01-19T10:31:25+00:00 - display.php loaded
2026-01-19T10:31:27+00:00 - display.php loaded
2026-01-19T10:31:53+00:00 - display.php loaded
2026-01-19T10:32:24+00:00 - display.php loaded
2026-01-19T10:32:24+00:00 - display.php loaded
2026-01-19T10:32:35+00:00 - display.php loaded
2026-01-19T10:32:35+00:00 - display.php loaded
2026-01-19T10:32:35+00:00 - display.php loaded
2026-01-19T10:33:48+00:00 - display.php loaded
2026-01-19T10:38:14+00:00 - display.php loaded
2026-01-19T10:38:15+00:00 - display.php loaded
2026-01-19T10:38:46+00:00 - display.php loaded
2026-01-19T10:38:47+00:00 - display.php loaded
2026-01-19T10:38:56+00:00 - display.php loaded
2026-01-19T10:38:56+00:00 - display.php loaded
2026-01-19T10:46:30+00:00 - display.php loaded
2026-01-19T10:46:31+00:00 - display.php loaded
2026-01-19T10:46:55+00:00 - display.php loaded
2026-01-19T10:46:55+00:00 - display.php loaded
2026-01-19T11:13:34+00:00 - display.php loaded
2026-01-19T11:13:34+00:00 - display.php loaded
2026-01-19T11:13:44+00:00 - display.php loaded
2026-01-19T11:21:21+00:00 - display.php loaded
2026-01-19T11:21:21+00:00 - POST start: action=login method=POST remote=158.149.96.15
2026-01-19T11:21:21+00:00 - POST keys: username,password,action
2026-01-19T11:21:21+00:00 - COOKIES: ["PHPSESSID"]
2026-01-19T12:25:15+00:00 - display.php loaded
2026-01-19T12:25:15+00:00 - display.php loaded
2026-01-19T12:25:26+00:00 - display.php loaded
2026-01-19T12:25:45+00:00 - display.php loaded
2026-01-19T12:25:46+00:00 - display.php loaded
2026-01-19T14:16:51+00:00 - display.php loaded
2026-01-19T14:57:13+00:00 - display.php loaded
2026-01-19T16:16:28+00:00 - display.php loaded
2026-01-19T16:16:29+00:00 - display.php loaded
2026-01-19T16:16:29+00:00 - display.php loaded
2026-01-19T16:16:31+00:00 - display.php loaded
2026-01-19T19:19:04+00:00 - display.php loaded
2026-01-19T22:26:05+00:00 - display.php loaded
2026-01-19T23:17:31+00:00 - display.php loaded
2026-01-19T23:33:51+00:00 - display.php loaded
2026-01-19T23:44:01+00:00 - display.php loaded
2026-01-20T00:29:05+00:00 - display.php loaded
2026-01-20T00:30:16+00:00 - display.php loaded
2026-01-20T01:25:45+00:00 - display.php loaded
2026-01-20T01:25:45+00:00 - display.php loaded
2026-01-20T01:32:12+00:00 - display.php loaded
2026-01-20T01:32:12+00:00 - display.php loaded
2026-01-20T01:43:36+00:00 - display.php loaded
2026-01-20T01:43:36+00:00 - display.php loaded
2026-01-20T01:51:43+00:00 - display.php loaded
2026-01-20T02:14:25+00:00 - display.php loaded
2026-01-20T02:37:00+00:00 - display.php loaded
2026-01-20T03:07:18+00:00 - display.php loaded
2026-01-20T05:02:10+00:00 - display.php loaded
2026-01-20T05:02:27+00:00 - display.php loaded
2026-01-20T05:08:38+00:00 - display.php loaded
2026-01-20T06:48:10+00:00 - display.php loaded
2026-01-20T07:09:45+00:00 - display.php loaded
2026-01-20T08:30:09+00:00 - display.php loaded
2026-01-20T08:50:17+00:00 - display.php loaded
2026-01-20T09:01:22+00:00 - display.php loaded
2026-01-20T09:19:59+00:00 - display.php loaded
2026-01-20T09:27:54+00:00 - display.php loaded
2026-01-20T09:33:44+00:00 - display.php loaded
2026-01-20T09:33:44+00:00 - display.php loaded
2026-01-20T09:34:21+00:00 - display.php loaded
2026-01-20T09:34:21+00:00 - POST start: action=login method=POST remote=158.149.96.18
2026-01-20T09:34:21+00:00 - POST keys: username,password,action
2026-01-20T09:34:21+00:00 - COOKIES: ["PHPSESSID"]
2026-01-20T09:38:55+00:00 - display.php loaded
2026-01-20T09:38:55+00:00 - display.php loaded
2026-01-20T09:44:24+00:00 - display.php loaded
2026-01-20T09:45:17+00:00 - display.php loaded
2026-01-20T09:47:44+00:00 - display.php loaded
2026-01-20T09:50:58+00:00 - display.php loaded
2026-01-20T09:50:58+00:00 - POST start: action=login method=POST remote=158.149.96.18
2026-01-20T09:50:58+00:00 - POST keys: username,password,action
2026-01-20T09:50:58+00:00 - COOKIES: ["PHPSESSID"]
2026-01-20T10:04:58+00:00 - display.php loaded
2026-01-20T10:05:26+00:00 - display.php loaded
2026-01-20T10:05:26+00:00 - display.php loaded
2026-01-20T10:07:33+00:00 - display.php loaded
2026-01-20T10:07:34+00:00 - display.php loaded
2026-01-20T10:07:44+00:00 - display.php loaded
2026-01-20T10:07:44+00:00 - POST start: action=login method=POST remote=46.15.208.15
2026-01-20T10:07:44+00:00 - POST keys: username,password,action
2026-01-20T10:07:44+00:00 - COOKIES: ["PHPSESSID","PLESKSESSID","sites-dynamic-list-state-collapsed"]
2026-01-20T10:07:53+00:00 - display.php loaded
2026-01-20T10:07:53+00:00 - POST start: action=login method=POST remote=46.15.208.15
2026-01-20T10:07:53+00:00 - POST keys: username,password,action
2026-01-20T10:07:53+00:00 - COOKIES: ["PHPSESSID","PLESKSESSID","sites-dynamic-list-state-collapsed"]
2026-01-20T10:07:55+00:00 - display.php loaded
2026-01-20T10:07:55+00:00 - POST start: action=login method=POST remote=46.15.208.15
2026-01-20T10:07:55+00:00 - POST keys: username,password,action
2026-01-20T10:07:55+00:00 - COOKIES: ["PHPSESSID","PLESKSESSID","sites-dynamic-list-state-collapsed"]
2026-01-20T10:27:19+00:00 - display.php loaded
2026-01-20T10:27:20+00:00 - display.php loaded
2026-01-20T10:27:29+00:00 - display.php loaded
2026-01-20T10:41:11+00:00 - display.php loaded
2026-01-20T10:41:14+00:00 - display.php loaded
2026-01-20T10:42:48+00:00 - display.php loaded
2026-01-20T10:49:05+00:00 - display.php loaded
2026-01-20T10:56:49+00:00 - display.php loaded
2026-01-20T11:00:19+00:00 - display.php loaded
2026-01-20T11:00:31+00:00 - display.php loaded
2026-01-20T11:01:05+00:00 - display.php loaded
2026-01-20T11:01:05+00:00 - display.php loaded
2026-01-20T11:06:57+00:00 - display.php loaded
2026-01-20T11:09:18+00:00 - display.php loaded
2026-01-20T11:12:20+00:00 - display.php loaded
2026-01-20T11:13:32+00:00 - display.php loaded
2026-01-20T11:22:37+00:00 - display.php loaded
2026-01-20T11:22:38+00:00 - display.php loaded
2026-01-20T11:23:38+00:00 - display.php loaded
2026-01-20T11:30:27+00:00 - display.php loaded
2026-01-20T11:30:34+00:00 - display.php loaded
2026-01-20T11:30:38+00:00 - display.php loaded
2026-01-20T11:36:52+00:00 - display.php loaded
2026-01-20T11:37:15+00:00 - display.php loaded
2026-01-20T11:50:17+00:00 - display.php loaded
2026-01-20T11:50:24+00:00 - display.php loaded
2026-01-20T11:50:33+00:00 - display.php loaded
2026-01-20T11:53:30+00:00 - display.php loaded
2026-01-20T12:05:20+00:00 - display.php loaded
2026-01-20T12:06:51+00:00 - display.php loaded
2026-01-20T12:06:52+00:00 - display.php loaded
2026-01-20T12:06:52+00:00 - display.php loaded
2026-01-20T12:06:52+00:00 - display.php loaded
2026-01-20T12:07:05+00:00 - display.php loaded
2026-01-20T12:07:59+00:00 - display.php loaded
2026-01-20T12:30:20+00:00 - display.php loaded
2026-01-20T12:32:52+00:00 - display.php loaded
2026-01-20T12:33:59+00:00 - display.php loaded
2026-01-20T12:33:59+00:00 - display.php loaded
2026-01-20T12:34:11+00:00 - display.php loaded
2026-01-20T12:35:45+00:00 - display.php loaded
2026-01-20T12:35:46+00:00 - display.php loaded
2026-01-20T12:38:50+00:00 - display.php loaded
2026-01-20T12:43:28+00:00 - display.php loaded
2026-01-20T12:49:05+00:00 - display.php loaded
2026-01-20T12:50:23+00:00 - display.php loaded
2026-01-20T12:52:21+00:00 - display.php loaded
2026-01-20T13:07:04+00:00 - display.php loaded
2026-01-20T13:08:59+00:00 - display.php loaded
2026-01-20T13:10:50+00:00 - display.php loaded
2026-01-20T13:51:28+00:00 - display.php loaded
2026-01-20T13:57:40+00:00 - display.php loaded
2026-01-20T14:00:58+00:00 - display.php loaded
2026-01-20T14:08:51+00:00 - display.php loaded
2026-01-20T14:13:21+00:00 - display.php loaded
2026-01-20T14:53:09+00:00 - display.php loaded
2026-01-20T15:02:22+00:00 - display.php loaded
2026-01-20T15:09:24+00:00 - display.php loaded
2026-01-20T15:43:40+00:00 - display.php loaded
2026-01-20T16:00:56+00:00 - display.php loaded
2026-01-20T16:01:28+00:00 - display.php loaded
2026-01-20T16:10:02+00:00 - display.php loaded
2026-01-20T16:10:52+00:00 - display.php loaded
2026-01-20T16:12:19+00:00 - display.php loaded
2026-01-20T16:19:18+00:00 - display.php loaded
2026-01-20T16:20:38+00:00 - display.php loaded
2026-01-20T16:23:02+00:00 - display.php loaded
2026-01-20T16:32:52+00:00 - display.php loaded
2026-01-20T16:35:25+00:00 - display.php loaded
2026-01-20T16:36:39+00:00 - display.php loaded
2026-01-20T16:38:00+00:00 - display.php loaded
2026-01-20T16:38:01+00:00 - display.php loaded
2026-01-20T16:38:06+00:00 - display.php loaded
2026-01-20T17:03:19+00:00 - display.php loaded
2026-01-20T17:06:56+00:00 - display.php loaded
2026-01-20T17:16:17+00:00 - display.php loaded
2026-01-20T17:27:10+00:00 - display.php loaded
2026-01-20T17:28:56+00:00 - display.php loaded
2026-01-20T17:28:57+00:00 - display.php loaded
2026-01-20T17:31:14+00:00 - display.php loaded
2026-01-20T17:32:50+00:00 - display.php loaded
2026-01-20T17:32:54+00:00 - display.php loaded
2026-01-20T17:34:06+00:00 - display.php loaded
2026-01-20T17:37:57+00:00 - display.php loaded
2026-01-20T17:40:22+00:00 - display.php loaded
2026-01-20T17:40:25+00:00 - display.php loaded
2026-01-20T17:40:26+00:00 - display.php loaded
2026-01-20T17:43:02+00:00 - display.php loaded
2026-01-20T17:44:51+00:00 - display.php loaded
2026-01-20T17:44:54+00:00 - display.php loaded
2026-01-20T17:46:58+00:00 - display.php loaded
2026-01-20T18:08:19+00:00 - display.php loaded
2026-01-20T18:08:19+00:00 - display.php loaded
2026-01-20T18:12:41+00:00 - display.php loaded
2026-01-20T18:17:25+00:00 - display.php loaded
2026-01-20T18:22:16+00:00 - display.php loaded
2026-01-20T18:22:16+00:00 - POST start: action=login method=POST remote=193.213.190.26
2026-01-20T18:22:16+00:00 - POST keys: username,password,action
2026-01-20T18:22:16+00:00 - COOKIES: ["PHPSESSID","PLESKSESSID","sites-dynamic-list-state-collapsed"]
2026-01-20T18:27:24+00:00 - display.php loaded
2026-01-20T18:27:47+00:00 - display.php loaded
2026-01-20T18:28:02+00:00 - display.php loaded
2026-01-20T18:28:35+00:00 - display.php loaded
2026-01-20T18:28:35+00:00 - display.php loaded
2026-01-20T18:29:26+00:00 - display.php loaded
2026-01-20T18:29:28+00:00 - display.php loaded
2026-01-20T18:29:48+00:00 - display.php loaded
2026-01-20T18:30:32+00:00 - display.php loaded
2026-01-20T18:33:00+00:00 - display.php loaded
2026-01-20T18:34:00+00:00 - display.php loaded
2026-01-20T18:39:00+00:00 - display.php loaded
2026-01-20T18:49:52+00:00 - display.php loaded
2026-01-20T18:49:58+00:00 - display.php loaded
2026-01-20T18:59:07+00:00 - display.php loaded
2026-01-20T19:01:49+00:00 - display.php loaded
2026-01-20T19:05:03+00:00 - display.php loaded
2026-01-20T19:11:09+00:00 - display.php loaded
2026-01-20T19:31:51+00:00 - display.php loaded
2026-01-20T19:43:12+00:00 - display.php loaded
2026-01-20T20:10:53+00:00 - display.php loaded
2026-01-20T20:19:24+00:00 - display.php loaded
2026-01-20T20:23:47+00:00 - display.php loaded
2026-01-20T20:39:12+00:00 - display.php loaded
2026-01-20T21:17:33+00:00 - display.php loaded
2026-01-20T21:33:09+00:00 - display.php loaded
2026-01-20T21:58:08+00:00 - display.php loaded
2026-01-20T21:58:11+00:00 - display.php loaded
2026-01-20T22:04:10+00:00 - display.php loaded
2026-01-20T22:05:28+00:00 - display.php loaded
2026-01-20T22:17:53+00:00 - display.php loaded
2026-01-20T23:00:07+00:00 - display.php loaded
2026-01-20T23:25:09+00:00 - display.php loaded
2026-01-20T23:44:19+00:00 - display.php loaded
2026-01-20T23:47:30+00:00 - display.php loaded
2026-01-20T23:49:10+00:00 - display.php loaded
2026-01-21T00:19:48+00:00 - display.php loaded
2026-01-21T00:37:53+00:00 - display.php loaded
2026-01-21T00:42:10+00:00 - display.php loaded
2026-01-21T01:14:30+00:00 - display.php loaded
2026-01-21T01:18:06+00:00 - display.php loaded
2026-01-21T01:33:30+00:00 - display.php loaded
2026-01-21T01:43:09+00:00 - display.php loaded
2026-01-21T01:43:22+00:00 - display.php loaded
2026-01-21T01:51:04+00:00 - display.php loaded
2026-01-21T01:57:39+00:00 - display.php loaded
2026-01-21T02:01:36+00:00 - display.php loaded
2026-01-21T02:07:26+00:00 - display.php loaded
2026-01-21T02:15:29+00:00 - display.php loaded
2026-01-21T02:22:31+00:00 - display.php loaded
2026-01-21T02:28:52+00:00 - display.php loaded
2026-01-21T02:29:58+00:00 - display.php loaded
2026-01-21T02:30:06+00:00 - display.php loaded
2026-01-21T02:30:21+00:00 - display.php loaded
2026-01-21T02:30:22+00:00 - display.php loaded
2026-01-21T02:40:02+00:00 - display.php loaded
2026-01-21T02:52:13+00:00 - display.php loaded
2026-01-21T02:54:37+00:00 - display.php loaded
2026-01-21T03:04:58+00:00 - display.php loaded
2026-01-21T03:09:43+00:00 - display.php loaded
2026-01-21T03:29:47+00:00 - display.php loaded
2026-01-21T04:43:26+00:00 - display.php loaded
2026-01-21T04:46:54+00:00 - display.php loaded
2026-01-21T04:58:21+00:00 - display.php loaded
2026-01-21T05:31:54+00:00 - display.php loaded
2026-01-21T06:09:17+00:00 - display.php loaded
2026-01-21T07:02:57+00:00 - display.php loaded
2026-01-21T07:07:03+00:00 - display.php loaded
2026-01-21T07:10:19+00:00 - display.php loaded
2026-01-21T07:20:26+00:00 - display.php loaded
2026-01-21T07:46:36+00:00 - display.php loaded
2026-01-21T07:47:13+00:00 - display.php loaded
2026-01-21T08:01:01+00:00 - display.php loaded
2026-01-21T08:08:50+00:00 - display.php loaded
2026-01-21T08:21:25+00:00 - display.php loaded
2026-01-21T08:22:33+00:00 - display.php loaded
2026-01-21T08:29:33+00:00 - display.php loaded
2026-01-21T08:52:49+00:00 - display.php loaded
2026-01-21T09:17:29+00:00 - display.php loaded
2026-01-21T09:58:58+00:00 - display.php loaded
2026-01-21T10:40:23+00:00 - display.php loaded
2026-01-21T11:05:14+00:00 - display.php loaded
2026-01-21T11:05:14+00:00 - display.php loaded
2026-01-21T11:25:08+00:00 - display.php loaded
2026-01-21T11:35:20+00:00 - display.php loaded
2026-01-21T11:37:12+00:00 - display.php loaded
2026-01-21T11:41:16+00:00 - display.php loaded
2026-01-21T12:10:46+00:00 - display.php loaded
2026-01-21T12:22:39+00:00 - display.php loaded
2026-01-21T12:53:06+00:00 - display.php loaded
2026-01-21T12:59:31+00:00 - display.php loaded
2026-01-21T13:36:08+00:00 - display.php loaded
2026-01-21T15:17:18+00:00 - display.php loaded
2026-01-21T15:45:43+00:00 - display.php loaded
2026-01-21T16:44:36+00:00 - display.php loaded
2026-01-21T16:44:39+00:00 - display.php loaded
2026-01-21T16:44:41+00:00 - display.php loaded
2026-01-21T16:44:43+00:00 - display.php loaded
2026-01-21T16:45:27+00:00 - display.php loaded
2026-01-21T16:45:31+00:00 - display.php loaded
2026-01-21T16:51:47+00:00 - display.php loaded
2026-01-21T16:56:57+00:00 - display.php loaded
2026-01-21T16:56:57+00:00 - display.php loaded
2026-01-21T17:39:01+00:00 - display.php loaded
2026-01-21T17:39:03+00:00 - display.php loaded
2026-01-21T17:39:03+00:00 - display.php loaded
2026-01-21T17:39:03+00:00 - display.php loaded
2026-01-21T17:39:05+00:00 - display.php loaded
2026-01-21T17:39:07+00:00 - display.php loaded
2026-01-21T17:40:28+00:00 - display.php loaded
2026-01-21T17:40:30+00:00 - display.php loaded
2026-01-21T18:02:40+00:00 - display.php loaded
2026-01-21T19:03:55+00:00 - display.php loaded
2026-01-21T19:03:56+00:00 - display.php loaded
2026-01-21T19:32:41+00:00 - display.php loaded
2026-01-21T19:33:50+00:00 - display.php loaded
2026-01-21T19:33:50+00:00 - display.php loaded
2026-01-21T19:49:46+00:00 - display.php loaded
2026-01-21T19:49:47+00:00 - display.php loaded
2026-01-21T21:29:05+00:00 - display.php loaded
2026-01-21T21:29:05+00:00 - display.php loaded
2026-01-21T22:44:59+00:00 - display.php loaded
2026-01-21T22:51:41+00:00 - display.php loaded
2026-01-21T23:44:19+00:00 - display.php loaded
2026-01-21T23:44:19+00:00 - display.php loaded
2026-01-21T23:44:22+00:00 - display.php loaded
2026-01-21T23:44:23+00:00 - display.php loaded
2026-01-21T23:55:41+00:00 - display.php loaded
2026-01-22T00:41:01+00:00 - display.php loaded
2026-01-22T00:43:38+00:00 - display.php loaded
2026-01-22T00:43:38+00:00 - display.php loaded
2026-01-22T01:03:37+00:00 - display.php loaded
2026-01-22T03:21:29+00:00 - display.php loaded
2026-01-22T04:47:24+00:00 - display.php loaded
2026-01-22T05:13:28+00:00 - display.php loaded
2026-01-22T05:47:44+00:00 - display.php loaded
2026-01-22T07:03:34+00:00 - display.php loaded
2026-01-22T07:18:37+00:00 - display.php loaded
2026-01-22T07:18:37+00:00 - display.php loaded
2026-01-22T07:21:01+00:00 - display.php loaded
2026-01-22T07:21:01+00:00 - POST start: action=login method=POST remote=46.15.165.19
2026-01-22T07:21:01+00:00 - POST keys: username,password,action
2026-01-22T07:21:01+00:00 - COOKIES: ["PHPSESSID","PLESKSESSID","sites-dynamic-list-state-collapsed"]
2026-01-22T07:28:46+00:00 - display.php loaded
2026-01-22T08:21:17+00:00 - display.php loaded
2026-01-22T08:21:24+00:00 - display.php loaded
2026-01-22T08:21:24+00:00 - POST start: action=login method=POST remote=46.15.165.19
2026-01-22T08:21:24+00:00 - POST keys: username,password,action
2026-01-22T08:21:24+00:00 - COOKIES: ["PHPSESSID","PLESKSESSID","sites-dynamic-list-state-collapsed"]
2026-01-22T08:21:24+00:00 - Login: query executed for username=system
2026-01-22T08:21:24+00:00 - Login: user found, id=1, hash starts with $2y$10$N9q
2026-01-22T08:21:24+00:00 - Login: password incorrect
2026-01-22T08:21:26+00:00 - display.php loaded
2026-01-22T08:21:26+00:00 - POST start: action=login method=POST remote=46.15.165.19
2026-01-22T08:21:26+00:00 - POST keys: username,password,action
2026-01-22T08:21:26+00:00 - COOKIES: ["PHPSESSID","PLESKSESSID","sites-dynamic-list-state-collapsed"]
2026-01-22T08:21:26+00:00 - Login: query executed for username=system
2026-01-22T08:21:26+00:00 - Login: user found, id=1, hash starts with $2y$10$N9q
2026-01-22T08:21:26+00:00 - Login: password incorrect
2026-01-22T08:21:26+00:00 - display.php loaded
2026-01-22T08:21:26+00:00 - POST start: action=login method=POST remote=46.15.165.19
2026-01-22T08:21:26+00:00 - POST keys: username,password,action
2026-01-22T08:21:26+00:00 - COOKIES: ["PHPSESSID","PLESKSESSID","sites-dynamic-list-state-collapsed"]
2026-01-22T08:21:26+00:00 - Login: query executed for username=system
2026-01-22T08:21:26+00:00 - Login: user found, id=1, hash starts with $2y$10$N9q
2026-01-22T08:21:26+00:00 - Login: password incorrect
2026-01-22T08:21:26+00:00 - display.php loaded
2026-01-22T08:21:26+00:00 - POST start: action=login method=POST remote=46.15.165.19
2026-01-22T08:21:26+00:00 - POST keys: username,password,action
2026-01-22T08:21:26+00:00 - COOKIES: ["PHPSESSID","PLESKSESSID","sites-dynamic-list-state-collapsed"]
2026-01-22T08:21:26+00:00 - Login: query executed for username=system
2026-01-22T08:21:26+00:00 - Login: user found, id=1, hash starts with $2y$10$N9q
2026-01-22T08:21:26+00:00 - Login: password incorrect
2026-01-22T08:21:26+00:00 - display.php loaded
2026-01-22T08:21:26+00:00 - POST start: action=login method=POST remote=46.15.165.19
2026-01-22T08:21:26+00:00 - POST keys: username,password,action
2026-01-22T08:21:26+00:00 - COOKIES: ["PHPSESSID","PLESKSESSID","sites-dynamic-list-state-collapsed"]
2026-01-22T08:21:26+00:00 - Login: query executed for username=system
2026-01-22T08:21:26+00:00 - Login: user found, id=1, hash starts with $2y$10$N9q
2026-01-22T08:21:26+00:00 - Login: password incorrect
2026-01-22T08:21:27+00:00 - display.php loaded
2026-01-22T08:21:27+00:00 - POST start: action=login method=POST remote=46.15.165.19
2026-01-22T08:21:27+00:00 - POST keys: username,password,action
2026-01-22T08:21:27+00:00 - COOKIES: ["PHPSESSID","PLESKSESSID","sites-dynamic-list-state-collapsed"]
2026-01-22T08:21:27+00:00 - Login: query executed for username=system
2026-01-22T08:21:27+00:00 - Login: user found, id=1, hash starts with $2y$10$N9q
2026-01-22T08:21:27+00:00 - Login: password incorrect
2026-01-22T08:21:27+00:00 - display.php loaded
2026-01-22T08:21:27+00:00 - POST start: action=login method=POST remote=46.15.165.19
2026-01-22T08:21:27+00:00 - POST keys: username,password,action
2026-01-22T08:21:27+00:00 - COOKIES: ["PHPSESSID","PLESKSESSID","sites-dynamic-list-state-collapsed"]
2026-01-22T08:21:27+00:00 - Login: query executed for username=system
2026-01-22T08:21:27+00:00 - Login: user found, id=1, hash starts with $2y$10$N9q
2026-01-22T08:21:27+00:00 - Login: password incorrect
2026-01-22T08:21:27+00:00 - display.php loaded
2026-01-22T08:21:27+00:00 - POST start: action=login method=POST remote=46.15.165.19
2026-01-22T08:21:27+00:00 - POST keys: username,password,action
2026-01-22T08:21:27+00:00 - COOKIES: ["PHPSESSID","PLESKSESSID","sites-dynamic-list-state-collapsed"]
2026-01-22T08:21:27+00:00 - Login: query executed for username=system
2026-01-22T08:21:27+00:00 - Login: user found, id=1, hash starts with $2y$10$N9q
2026-01-22T08:21:27+00:00 - Login: password incorrect
2026-01-22T08:21:27+00:00 - display.php loaded
2026-01-22T08:21:27+00:00 - POST start: action=login method=POST remote=46.15.165.19
2026-01-22T08:21:27+00:00 - POST keys: username,password,action
2026-01-22T08:21:27+00:00 - COOKIES: ["PHPSESSID","PLESKSESSID","sites-dynamic-list-state-collapsed"]
2026-01-22T08:21:27+00:00 - Login: query executed for username=system
2026-01-22T08:21:27+00:00 - Login: user found, id=1, hash starts with $2y$10$N9q
2026-01-22T08:21:27+00:00 - Login: password incorrect
2026-01-22T08:21:27+00:00 - display.php loaded
2026-01-22T08:21:27+00:00 - POST start: action=login method=POST remote=46.15.165.19
2026-01-22T08:21:27+00:00 - POST keys: username,password,action
2026-01-22T08:21:27+00:00 - COOKIES: ["PHPSESSID","PLESKSESSID","sites-dynamic-list-state-collapsed"]
2026-01-22T08:21:27+00:00 - Login: query executed for username=system
2026-01-22T08:21:27+00:00 - Login: user found, id=1, hash starts with $2y$10$N9q
2026-01-22T08:21:27+00:00 - Login: password incorrect
2026-01-22T08:21:28+00:00 - display.php loaded
2026-01-22T08:21:28+00:00 - POST start: action=login method=POST remote=46.15.165.19
2026-01-22T08:21:28+00:00 - POST keys: username,password,action
2026-01-22T08:21:28+00:00 - COOKIES: ["PHPSESSID","PLESKSESSID","sites-dynamic-list-state-collapsed"]
2026-01-22T08:21:28+00:00 - Login: query executed for username=system
2026-01-22T08:21:28+00:00 - Login: user found, id=1, hash starts with $2y$10$N9q
2026-01-22T08:21:28+00:00 - Login: password incorrect
2026-01-22T08:28:38+00:00 - display.php loaded
2026-01-22T08:28:40+00:00 - display.php loaded
2026-01-22T08:28:47+00:00 - display.php loaded
2026-01-22T08:28:47+00:00 - POST start: action=login method=POST remote=46.15.165.19
2026-01-22T08:28:47+00:00 - POST keys: username,password,action
2026-01-22T08:28:47+00:00 - COOKIES: ["PHPSESSID","PLESKSESSID","sites-dynamic-list-state-collapsed"]
2026-01-22T08:28:47+00:00 - Login: query executed for username=system
2026-01-22T08:28:47+00:00 - Login: user found, id=1, hash starts with $2y$10$5sz
2026-01-22T08:28:47+00:00 - Login: password incorrect
2026-01-22T08:28:50+00:00 - display.php loaded
2026-01-22T08:28:50+00:00 - POST start: action=login method=POST remote=46.15.165.19
2026-01-22T08:28:50+00:00 - POST keys: username,password,action
2026-01-22T08:28:50+00:00 - COOKIES: ["PHPSESSID","PLESKSESSID","sites-dynamic-list-state-collapsed"]
2026-01-22T08:28:50+00:00 - Login: query executed for username=system
2026-01-22T08:28:50+00:00 - Login: user found, id=1, hash starts with $2y$10$5sz
2026-01-22T08:28:50+00:00 - Login: password incorrect
2026-01-22T08:28:50+00:00 - display.php loaded
2026-01-22T08:28:50+00:00 - POST start: action=login method=POST remote=46.15.165.19
2026-01-22T08:28:50+00:00 - POST keys: username,password,action
2026-01-22T08:28:50+00:00 - COOKIES: ["PHPSESSID","PLESKSESSID","sites-dynamic-list-state-collapsed"]
2026-01-22T08:28:50+00:00 - Login: query executed for username=system
2026-01-22T08:28:50+00:00 - Login: user found, id=1, hash starts with $2y$10$5sz
2026-01-22T08:28:50+00:00 - Login: password incorrect
2026-01-22T08:30:28+00:00 - display.php loaded
2026-01-22T08:30:35+00:00 - display.php loaded
2026-01-22T08:30:35+00:00 - POST start: action=login method=POST remote=46.15.165.19
2026-01-22T08:30:35+00:00 - POST keys: username,password,action
2026-01-22T08:30:35+00:00 - COOKIES: ["PHPSESSID","PLESKSESSID","sites-dynamic-list-state-collapsed"]
2026-01-22T08:30:35+00:00 - Login: query executed for username=system
2026-01-22T08:30:35+00:00 - Login: user found, id=1, hash starts with $2y$10$Qrp
2026-01-22T08:30:35+00:00 - Login: password correct
2026-01-22T08:30:36+00:00 - display.php loaded
2026-01-22T08:30:40+00:00 - display.php loaded
2026-01-22T08:33:02+00:00 - display.php loaded
2026-01-22T08:33:09+00:00 - display.php loaded
2026-01-22T08:34:00+00:00 - display.php loaded
2026-01-22T08:34:35+00:00 - display.php loaded
2026-01-22T08:34:35+00:00 - POST start: action=logout method=POST remote=46.15.165.19
2026-01-22T08:34:35+00:00 - POST keys: action
2026-01-22T08:34:35+00:00 - COOKIES: ["PLESKSESSID","sites-dynamic-list-state-collapsed","PHPSESSID"]
2026-01-22T08:34:36+00:00 - display.php loaded
2026-01-22T08:34:36+00:00 - display.php loaded
2026-01-22T08:34:54+00:00 - display.php loaded
2026-01-22T08:34:54+00:00 - POST start: action=login method=POST remote=46.15.165.19
2026-01-22T08:34:54+00:00 - POST keys: username,password,action
2026-01-22T08:34:54+00:00 - COOKIES: ["PLESKSESSID","sites-dynamic-list-state-collapsed","PHPSESSID"]
2026-01-22T08:34:54+00:00 - Login: query executed for username=adminpyx
2026-01-22T08:34:54+00:00 - Login: user found, id=2, hash starts with $2y$10$mDJ
2026-01-22T08:34:54+00:00 - Login: password incorrect
2026-01-22T08:36:33+00:00 - display.php loaded
2026-01-22T08:36:34+00:00 - display.php loaded
2026-01-22T08:36:36+00:00 - display.php loaded
2026-01-22T08:36:36+00:00 - display.php loaded
2026-01-22T08:36:42+00:00 - display.php loaded
2026-01-22T08:40:22+00:00 - display.php loaded
2026-01-22T08:40:31+00:00 - display.php loaded
2026-01-22T08:40:31+00:00 - POST start: action=login method=POST remote=46.15.165.19
2026-01-22T08:40:31+00:00 - POST keys: username,password,action
2026-01-22T08:40:31+00:00 - COOKIES: ["PLESKSESSID","sites-dynamic-list-state-collapsed","PHPSESSID"]
2026-01-22T08:40:31+00:00 - Login: query executed for username=kentanto
2026-01-22T08:40:31+00:00 - Login: user found, id=5, hash starts with $2y$10$NRw
2026-01-22T08:40:31+00:00 - Login: password correct
2026-01-22T08:40:31+00:00 - display.php loaded
2026-01-22T08:40:36+00:00 - display.php loaded
2026-01-22T08:40:38+00:00 - display.php loaded
2026-01-22T08:48:23+00:00 - display.php loaded
2026-01-22T08:57:57+00:00 - display.php loaded
2026-01-22T08:58:05+00:00 - display.php loaded
2026-01-22T08:58:08+00:00 - display.php loaded
2026-01-22T08:58:54+00:00 - display.php loaded
2026-01-22T08:59:34+00:00 - display.php loaded
2026-01-22T09:09:13+00:00 - display.php loaded
2026-01-22T09:10:15+00:00 - display.php loaded
2026-01-22T09:10:15+00:00 - display.php loaded
2026-01-22T09:10:22+00:00 - display.php loaded
2026-01-22T09:10:22+00:00 - display.php loaded
2026-01-22T09:10:24+00:00 - display.php loaded
2026-01-22T09:14:27+00:00 - display.php loaded
2026-01-22T09:14:31+00:00 - display.php loaded
2026-01-22T09:15:28+00:00 - display.php loaded
2026-01-22T09:15:28+00:00 - display.php loaded
2026-01-22T09:19:55+00:00 - display.php loaded
2026-01-22T09:23:07+00:00 - display.php loaded
2026-01-22T09:24:04+00:00 - display.php loaded
2026-01-22T09:25:48+00:00 - display.php loaded
2026-01-22T09:26:34+00:00 - display.php loaded
2026-01-22T09:26:34+00:00 - display.php loaded
2026-01-22T09:27:01+00:00 - display.php loaded
2026-01-22T09:27:01+00:00 - display.php loaded
2026-01-22T09:27:07+00:00 - display.php loaded
2026-01-22T09:27:07+00:00 - POST start: action=logout method=POST remote=46.15.165.19
2026-01-22T09:27:07+00:00 - POST keys: action
2026-01-22T09:27:07+00:00 - COOKIES: ["PLESKSESSID","sites-dynamic-list-state-collapsed","PHPSESSID"]
2026-01-22T09:27:07+00:00 - display.php loaded
2026-01-22T09:27:15+00:00 - display.php loaded
2026-01-22T09:27:22+00:00 - display.php loaded
2026-01-22T09:27:22+00:00 - POST start: action=login method=POST remote=46.15.165.19
2026-01-22T09:27:22+00:00 - POST keys: username,password,action
2026-01-22T09:27:22+00:00 - COOKIES: ["PLESKSESSID","sites-dynamic-list-state-collapsed","PHPSESSID"]
2026-01-22T09:27:22+00:00 - Login: query executed for username=Kentanto65
2026-01-22T09:27:22+00:00 - Login: user not found
2026-01-22T09:27:39+00:00 - display.php loaded
2026-01-22T09:27:39+00:00 - POST start: action=login method=POST remote=46.15.165.19
2026-01-22T09:27:39+00:00 - POST keys: username,password,action
2026-01-22T09:27:39+00:00 - COOKIES: ["PLESKSESSID","sites-dynamic-list-state-collapsed","PHPSESSID"]
2026-01-22T09:27:39+00:00 - Login: query executed for username=Kentanto65
2026-01-22T09:27:39+00:00 - Login: user not found
2026-01-22T09:27:42+00:00 - display.php loaded
2026-01-22T09:27:42+00:00 - POST start: action=login method=POST remote=46.15.165.19
2026-01-22T09:27:42+00:00 - POST keys: username,password,action
2026-01-22T09:27:42+00:00 - COOKIES: ["PLESKSESSID","sites-dynamic-list-state-collapsed","PHPSESSID"]
2026-01-22T09:27:42+00:00 - Login: query executed for username=Kentanto65
2026-01-22T09:27:42+00:00 - Login: user not found
2026-01-22T09:28:00+00:00 - display.php loaded
2026-01-22T09:28:00+00:00 - POST start: action=login method=POST remote=46.15.165.19
2026-01-22T09:28:00+00:00 - POST keys: username,password,action
2026-01-22T09:28:00+00:00 - COOKIES: ["PLESKSESSID","sites-dynamic-list-state-collapsed","PHPSESSID"]
2026-01-22T09:28:00+00:00 - Login: query executed for username=kentanto
2026-01-22T09:28:00+00:00 - Login: user found, id=5, hash starts with $2y$10$NRw
2026-01-22T09:28:00+00:00 - Login: password incorrect
2026-01-22T09:28:06+00:00 - display.php loaded
2026-01-22T09:28:06+00:00 - POST start: action=login method=POST remote=46.15.165.19
2026-01-22T09:28:06+00:00 - POST keys: username,password,action
2026-01-22T09:28:06+00:00 - COOKIES: ["PLESKSESSID","sites-dynamic-list-state-collapsed","PHPSESSID"]
2026-01-22T09:28:06+00:00 - Login: query executed for username=kentanto
2026-01-22T09:28:06+00:00 - Login: user found, id=5, hash starts with $2y$10$NRw
2026-01-22T09:28:06+00:00 - Login: password correct
2026-01-22T09:28:06+00:00 - display.php loaded
2026-01-22T09:28:10+00:00 - display.php loaded
2026-01-22T09:28:11+00:00 - display.php loaded
2026-01-22T09:28:12+00:00 - display.php loaded
2026-01-22T09:28:15+00:00 - display.php loaded
2026-01-22T09:28:16+00:00 - display.php loaded
2026-01-22T09:28:17+00:00 - display.php loaded
2026-01-22T09:30:22+00:00 - display.php loaded
2026-01-22T09:30:23+00:00 - display.php loaded
2026-01-22T09:30:23+00:00 - display.php loaded
2026-01-22T09:30:26+00:00 - display.php loaded
2026-01-22T09:30:27+00:00 - display.php loaded
2026-01-22T09:37:35+00:00 - display.php loaded
2026-01-22T09:40:43+00:00 - display.php loaded
2026-01-22T09:41:01+00:00 - display.php loaded
2026-01-22T09:41:54+00:00 - display.php loaded
2026-01-22T09:43:04+00:00 - display.php loaded
2026-01-22T09:43:34+00:00 - display.php loaded
2026-01-22T09:44:12+00:00 - display.php loaded
2026-01-22T09:44:45+00:00 - display.php loaded
2026-01-22T09:45:08+00:00 - display.php loaded
2026-01-22T09:46:24+00:00 - display.php loaded
2026-01-22T09:50:36+00:00 - display.php loaded
2026-01-22T09:50:42+00:00 - display.php loaded
2026-01-22T09:50:48+00:00 - display.php loaded
2026-01-22T09:50:51+00:00 - display.php loaded
2026-01-22T09:53:33+00:00 - display.php loaded
2026-01-22T09:53:42+00:00 - display.php loaded
2026-01-22T09:54:08+00:00 - display.php loaded
2026-01-22T09:54:10+00:00 - display.php loaded
2026-01-22T09:54:11+00:00 - display.php loaded
2026-01-22T09:54:21+00:00 - display.php loaded
2026-01-22T09:54:26+00:00 - display.php loaded
2026-01-22T09:54:32+00:00 - display.php loaded
2026-01-22T09:54:51+00:00 - display.php loaded
2026-01-22T09:59:34+00:00 - display.php loaded
2026-01-22T09:59:41+00:00 - display.php loaded
2026-01-22T10:12:03+00:00 - display.php loaded
2026-01-22T10:12:12+00:00 - display.php loaded
2026-01-22T10:12:12+00:00 - display.php loaded
2026-01-22T10:12:15+00:00 - display.php loaded
2026-01-22T10:12:20+00:00 - display.php loaded
2026-01-22T10:12:21+00:00 - display.php loaded
2026-01-22T10:12:26+00:00 - display.php loaded
2026-01-22T10:12:26+00:00 - display.php loaded
2026-01-22T10:12:30+00:00 - display.php loaded
2026-01-22T10:12:30+00:00 - display.php loaded
2026-01-22T10:12:33+00:00 - display.php loaded
2026-01-22T10:12:33+00:00 - display.php loaded
2026-01-22T10:12:41+00:00 - display.php loaded
2026-01-22T10:12:41+00:00 - display.php loaded
2026-01-22T10:12:43+00:00 - display.php loaded
2026-01-22T10:13:28+00:00 - display.php loaded
2026-01-22T10:13:28+00:00 - display.php loaded
2026-01-22T10:13:54+00:00 - display.php loaded
2026-01-22T10:13:54+00:00 - display.php loaded
2026-01-22T10:14:28+00:00 - display.php loaded
2026-01-22T10:14:28+00:00 - display.php loaded
2026-01-22T10:15:26+00:00 - display.php loaded
2026-01-22T10:15:36+00:00 - display.php loaded
2026-01-22T10:15:41+00:00 - display.php loaded
2026-01-22T10:15:41+00:00 - display.php loaded
2026-01-22T10:15:44+00:00 - display.php loaded
2026-01-22T10:15:44+00:00 - display.php loaded
2026-01-22T10:15:47+00:00 - display.php loaded
2026-01-22T10:15:47+00:00 - display.php loaded
2026-01-22T10:15:49+00:00 - display.php loaded
2026-01-22T10:15:49+00:00 - display.php loaded
2026-01-22T10:15:52+00:00 - display.php loaded
2026-01-22T10:15:52+00:00 - display.php loaded
2026-01-22T10:15:54+00:00 - display.php loaded
2026-01-22T10:15:54+00:00 - display.php loaded
2026-01-22T10:15:56+00:00 - display.php loaded
2026-01-22T10:15:56+00:00 - display.php loaded
2026-01-22T10:15:58+00:00 - display.php loaded
2026-01-22T10:15:58+00:00 - display.php loaded
2026-01-22T10:16:00+00:00 - display.php loaded
2026-01-22T10:16:00+00:00 - display.php loaded
2026-01-22T10:16:02+00:00 - display.php loaded
2026-01-22T10:16:03+00:00 - display.php loaded
2026-01-22T10:16:05+00:00 - display.php loaded
2026-01-22T10:16:05+00:00 - display.php loaded
2026-01-22T10:16:07+00:00 - display.php loaded
2026-01-22T10:16:07+00:00 - display.php loaded
2026-01-22T10:16:10+00:00 - display.php loaded
2026-01-22T10:16:10+00:00 - display.php loaded
2026-01-22T10:16:22+00:00 - display.php loaded
2026-01-22T10:16:23+00:00 - display.php loaded
2026-01-22T10:16:34+00:00 - display.php loaded
2026-01-22T10:16:34+00:00 - display.php loaded
2026-01-22T10:17:26+00:00 - display.php loaded
2026-01-22T10:17:29+00:00 - display.php loaded
2026-01-22T10:17:29+00:00 - display.php loaded
2026-01-22T10:19:21+00:00 - display.php loaded
2026-01-22T10:22:12+00:00 - display.php loaded
2026-01-22T10:22:13+00:00 - display.php loaded
2026-01-22T10:22:30+00:00 - display.php loaded
2026-01-22T10:22:30+00:00 - display.php loaded
2026-01-22T10:23:58+00:00 - display.php loaded
2026-01-22T10:23:58+00:00 - display.php loaded
2026-01-22T10:24:14+00:00 - display.php loaded
2026-01-22T10:24:14+00:00 - display.php loaded
2026-01-22T10:24:14+00:00 - display.php loaded
2026-01-22T10:24:23+00:00 - display.php loaded
2026-01-22T10:24:23+00:00 - display.php loaded
2026-01-22T10:55:41+00:00 - display.php loaded
2026-01-22T10:55:41+00:00 - display.php loaded
2026-01-22T11:23:20+00:00 - display.php loaded
2026-01-22T11:23:20+00:00 - display.php loaded
2026-01-22T12:01:41+00:00 - display.php loaded
2026-01-22T12:18:15+00:00 - display.php loaded
2026-01-22T12:30:19+00:00 - display.php loaded
2026-01-22T12:30:19+00:00 - display.php loaded
2026-01-22T12:30:37+00:00 - display.php loaded
2026-01-22T12:30:37+00:00 - POST start: action=login method=POST remote=46.15.165.19
2026-01-22T12:30:37+00:00 - POST keys: username,password,action
2026-01-22T12:30:37+00:00 - COOKIES: ["PHPSESSID","PLESKSESSID","sites-dynamic-list-state-collapsed"]
2026-01-22T12:30:37+00:00 - Login: query executed for username=kentanto
2026-01-22T12:30:37+00:00 - Login: user found, id=5, hash starts with $2y$10$NRw
2026-01-22T12:30:37+00:00 - Login: password correct
2026-01-22T12:30:37+00:00 - display.php loaded
2026-01-22T12:30:41+00:00 - display.php loaded
2026-01-22T12:31:57+00:00 - display.php loaded
2026-01-22T12:32:02+00:00 - display.php loaded
2026-01-22T12:32:03+00:00 - display.php loaded
2026-01-22T12:32:03+00:00 - display.php loaded
2026-01-22T12:32:03+00:00 - POST start: action=list_jobs method=POST remote=46.15.165.19
2026-01-22T12:32:03+00:00 - POST keys: action
2026-01-22T12:32:03+00:00 - COOKIES: ["PLESKSESSID","sites-dynamic-list-state-collapsed","PHPSESSID"]
2026-01-22T12:32:07+00:00 - display.php loaded
2026-01-22T12:32:09+00:00 - display.php loaded
2026-01-22T12:32:12+00:00 - display.php loaded
2026-01-22T12:32:17+00:00 - display.php loaded
2026-01-22T12:32:18+00:00 - display.php loaded
2026-01-22T12:32:20+00:00 - display.php loaded
2026-01-22T12:59:35+00:00 - display.php loaded
2026-01-22T13:33:24+00:00 - display.php loaded
2026-01-22T13:45:10+00:00 - display.php loaded
2026-01-22T14:33:39+00:00 - display.php loaded
2026-01-22T14:40:51+00:00 - display.php loaded
2026-01-22T15:15:18+00:00 - display.php loaded
2026-01-22T16:28:34+00:00 - display.php loaded
2026-01-22T16:38:30+00:00 - display.php loaded
2026-01-22T16:38:30+00:00 - display.php loaded
2026-01-22T16:38:32+00:00 - display.php loaded
2026-01-22T16:56:00+00:00 - display.php loaded
2026-01-22T17:22:20+00:00 - display.php loaded
2026-01-22T17:25:10+00:00 - display.php loaded
2026-01-22T18:55:01+00:00 - display.php loaded
2026-01-22T19:18:16+00:00 - display.php loaded
2026-01-22T20:15:25+00:00 - display.php loaded
2026-01-22T20:17:24+00:00 - display.php loaded
2026-01-22T21:07:27+00:00 - display.php loaded
2026-01-22T21:07:27+00:00 - display.php loaded
2026-01-22T21:58:32+00:00 - display.php loaded
2026-01-22T22:01:05+00:00 - display.php loaded
2026-01-22T23:54:44+00:00 - display.php loaded
2026-01-23T01:24:05+00:00 - display.php loaded
2026-01-23T01:41:02+00:00 - display.php loaded
2026-01-23T02:12:46+00:00 - display.php loaded
2026-01-23T02:20:24+00:00 - display.php loaded
2026-01-23T02:24:06+00:00 - display.php loaded
2026-01-23T02:25:39+00:00 - display.php loaded
2026-01-23T03:34:30+00:00 - display.php loaded
2026-01-23T04:57:24+00:00 - display.php loaded
2026-01-23T05:08:16+00:00 - display.php loaded
2026-01-23T05:52:08+00:00 - display.php loaded
2026-01-23T06:11:53+00:00 - display.php loaded
2026-01-23T06:12:25+00:00 - display.php loaded
2026-01-23T06:17:55+00:00 - display.php loaded
2026-01-23T06:48:09+00:00 - display.php loaded
2026-01-23T07:42:40+00:00 - display.php loaded
2026-01-23T08:45:21+00:00 - display.php loaded
2026-01-23T08:55:54+00:00 - display.php loaded
2026-01-23T09:07:57+00:00 - display.php loaded
2026-01-23T09:17:31+00:00 - display.php loaded
2026-01-23T09:17:51+00:00 - display.php loaded
2026-01-23T09:40:37+00:00 - display.php loaded
2026-01-23T09:41:54+00:00 - display.php loaded
2026-01-23T09:46:10+00:00 - display.php loaded
2026-01-23T10:16:02+00:00 - display.php loaded
2026-01-23T10:57:06+00:00 - display.php loaded
2026-01-23T11:13:43+00:00 - display.php loaded
2026-01-23T11:47:51+00:00 - display.php loaded
2026-01-23T11:56:58+00:00 - display.php loaded
2026-01-23T14:02:33+00:00 - display.php loaded
2026-01-23T14:03:41+00:00 - display.php loaded
2026-01-23T14:17:59+00:00 - display.php loaded
2026-01-23T14:50:39+00:00 - display.php loaded
2026-01-23T15:52:52+00:00 - display.php loaded
2026-01-23T16:13:18+00:00 - display.php loaded
2026-01-23T18:09:46+00:00 - display.php loaded
2026-01-23T18:15:57+00:00 - display.php loaded
2026-01-23T18:28:45+00:00 - display.php loaded
2026-01-23T19:41:53+00:00 - display.php loaded
2026-01-23T22:07:53+00:00 - display.php loaded
2026-01-23T22:13:47+00:00 - display.php loaded
2026-01-24T00:38:05+00:00 - display.php loaded
2026-01-24T00:39:51+00:00 - display.php loaded
2026-01-24T00:56:45+00:00 - display.php loaded
2026-01-24T01:08:32+00:00 - display.php loaded
2026-01-24T01:26:35+00:00 - display.php loaded
2026-01-24T01:27:55+00:00 - display.php loaded
2026-01-24T03:00:49+00:00 - display.php loaded
2026-01-24T04:14:50+00:00 - display.php loaded
2026-01-24T04:33:23+00:00 - display.php loaded
2026-01-24T04:49:50+00:00 - display.php loaded
2026-01-24T04:50:06+00:00 - display.php loaded
2026-01-24T04:50:45+00:00 - display.php loaded
2026-01-24T04:52:41+00:00 - display.php loaded
2026-01-24T05:03:58+00:00 - display.php loaded
2026-01-24T05:57:03+00:00 - display.php loaded
2026-01-24T05:57:48+00:00 - display.php loaded
2026-01-24T06:04:26+00:00 - display.php loaded
2026-01-24T07:04:27+00:00 - display.php loaded
2026-01-24T07:28:21+00:00 - display.php loaded
2026-01-24T07:52:14+00:00 - display.php loaded
2026-01-24T08:02:30+00:00 - display.php loaded
2026-01-24T08:02:30+00:00 - display.php loaded
2026-01-24T08:20:35+00:00 - display.php loaded
2026-01-24T08:33:43+00:00 - display.php loaded
2026-01-24T09:43:21+00:00 - display.php loaded
2026-01-24T09:49:39+00:00 - display.php loaded
2026-01-24T09:57:29+00:00 - display.php loaded
2026-01-24T10:13:32+00:00 - display.php loaded
2026-01-24T11:02:55+00:00 - display.php loaded
2026-01-24T11:06:07+00:00 - display.php loaded
2026-01-24T11:14:17+00:00 - display.php loaded
2026-01-24T11:22:15+00:00 - display.php loaded
2026-01-24T11:23:43+00:00 - display.php loaded
2026-01-24T11:37:00+00:00 - display.php loaded
2026-01-24T11:44:49+00:00 - display.php loaded
2026-01-24T12:12:15+00:00 - display.php loaded
2026-01-24T12:24:07+00:00 - display.php loaded
2026-01-24T12:43:55+00:00 - display.php loaded
2026-01-24T12:54:51+00:00 - display.php loaded
2026-01-24T13:05:44+00:00 - display.php loaded
2026-01-24T13:14:18+00:00 - display.php loaded
2026-01-24T14:02:04+00:00 - display.php loaded
2026-01-24T14:07:48+00:00 - display.php loaded
2026-01-24T14:23:00+00:00 - display.php loaded
2026-01-24T14:32:16+00:00 - display.php loaded
2026-01-24T14:35:06+00:00 - display.php loaded
2026-01-24T14:43:40+00:00 - display.php loaded
2026-01-24T15:09:56+00:00 - display.php loaded
2026-01-24T15:28:01+00:00 - display.php loaded
2026-01-24T15:33:34+00:00 - display.php loaded
2026-01-24T15:39:52+00:00 - display.php loaded
2026-01-24T15:41:42+00:00 - display.php loaded
2026-01-24T15:43:00+00:00 - display.php loaded
2026-01-24T15:52:20+00:00 - display.php loaded
2026-01-24T16:01:05+00:00 - display.php loaded
2026-01-24T16:09:13+00:00 - display.php loaded
2026-01-24T16:11:58+00:00 - display.php loaded
2026-01-24T16:21:24+00:00 - display.php loaded
2026-01-24T16:43:23+00:00 - display.php loaded
2026-01-24T16:43:23+00:00 - display.php loaded
2026-01-24T16:43:40+00:00 - display.php loaded
2026-01-24T17:34:39+00:00 - display.php loaded
2026-01-24T17:51:44+00:00 - display.php loaded
2026-01-24T17:54:23+00:00 - display.php loaded
2026-01-24T18:09:07+00:00 - display.php loaded
2026-01-24T18:37:34+00:00 - display.php loaded
2026-01-24T18:38:28+00:00 - display.php loaded
2026-01-24T18:54:38+00:00 - display.php loaded
2026-01-24T19:08:35+00:00 - display.php loaded
2026-01-24T19:14:28+00:00 - display.php loaded
2026-01-24T19:16:45+00:00 - display.php loaded
2026-01-24T19:16:45+00:00 - display.php loaded
2026-01-24T19:16:52+00:00 - display.php loaded
2026-01-24T19:16:52+00:00 - display.php loaded
2026-01-24T20:02:30+00:00 - display.php loaded
2026-01-24T20:08:44+00:00 - display.php loaded
2026-01-24T20:55:21+00:00 - display.php loaded
2026-01-24T20:56:15+00:00 - display.php loaded
2026-01-24T21:02:56+00:00 - display.php loaded
2026-01-24T21:42:39+00:00 - display.php loaded
2026-01-24T21:45:58+00:00 - display.php loaded
2026-01-24T21:49:29+00:00 - display.php loaded
2026-01-24T22:14:07+00:00 - display.php loaded
2026-01-24T22:28:29+00:00 - display.php loaded
2026-01-24T22:42:03+00:00 - display.php loaded
2026-01-24T22:43:06+00:00 - display.php loaded
2026-01-24T22:45:06+00:00 - display.php loaded
2026-01-24T22:52:48+00:00 - display.php loaded
2026-01-24T22:52:48+00:00 - display.php loaded
2026-01-24T22:58:00+00:00 - display.php loaded
2026-01-25T00:34:32+00:00 - display.php loaded
2026-01-25T00:34:32+00:00 - display.php loaded
2026-01-25T01:03:36+00:00 - display.php loaded
2026-01-25T03:33:34+00:00 - display.php loaded
2026-01-25T04:30:30+00:00 - display.php loaded
2026-01-25T05:02:56+00:00 - display.php loaded
2026-01-25T05:12:34+00:00 - display.php loaded
2026-01-25T05:12:35+00:00 - display.php loaded
2026-01-25T05:30:24+00:00 - display.php loaded
2026-01-25T05:30:48+00:00 - display.php loaded
2026-01-25T05:38:26+00:00 - display.php loaded
2026-01-25T05:49:27+00:00 - display.php loaded
2026-01-25T06:03:41+00:00 - display.php loaded
2026-01-25T06:35:19+00:00 - display.php loaded
2026-01-25T06:56:31+00:00 - display.php loaded
2026-01-25T06:57:10+00:00 - display.php loaded
2026-01-25T07:39:42+00:00 - display.php loaded
2026-01-25T08:30:04+00:00 - display.php loaded
2026-01-25T09:13:09+00:00 - display.php loaded
2026-01-25T09:35:10+00:00 - display.php loaded
2026-01-25T09:44:28+00:00 - display.php loaded
2026-01-25T11:24:28+00:00 - display.php loaded
2026-01-25T11:24:29+00:00 - display.php loaded
2026-01-25T12:38:09+00:00 - display.php loaded
2026-01-25T12:39:34+00:00 - display.php loaded
2026-01-25T12:44:36+00:00 - display.php loaded
2026-01-25T12:49:47+00:00 - display.php loaded
2026-01-25T13:03:09+00:00 - display.php loaded
2026-01-25T13:03:48+00:00 - display.php loaded
2026-01-25T14:06:10+00:00 - display.php loaded
2026-01-25T14:24:26+00:00 - display.php loaded
2026-01-25T14:39:41+00:00 - display.php loaded
2026-01-25T14:41:16+00:00 - display.php loaded
2026-01-25T14:41:53+00:00 - display.php loaded
2026-01-25T14:49:57+00:00 - display.php loaded
2026-01-25T15:01:47+00:00 - display.php loaded
2026-01-25T15:11:09+00:00 - display.php loaded
2026-01-25T15:11:10+00:00 - display.php loaded
2026-01-25T15:17:38+00:00 - display.php loaded
2026-01-25T15:21:34+00:00 - display.php loaded
2026-01-25T15:22:43+00:00 - display.php loaded
2026-01-25T15:35:40+00:00 - display.php loaded
2026-01-25T17:07:48+00:00 - display.php loaded
2026-01-25T17:09:06+00:00 - display.php loaded
2026-01-25T17:24:15+00:00 - display.php loaded
2026-01-25T17:39:17+00:00 - display.php loaded
2026-01-25T17:42:09+00:00 - display.php loaded
2026-01-25T18:30:32+00:00 - display.php loaded
2026-01-25T19:58:43+00:00 - display.php loaded
2026-01-25T20:08:14+00:00 - display.php loaded
2026-01-25T20:14:40+00:00 - display.php loaded
2026-01-25T20:17:47+00:00 - display.php loaded
2026-01-25T21:04:04+00:00 - display.php loaded
2026-01-25T21:47:20+00:00 - display.php loaded
2026-01-25T21:55:10+00:00 - display.php loaded
2026-01-25T22:05:56+00:00 - display.php loaded
2026-01-25T22:22:31+00:00 - display.php loaded
2026-01-25T22:51:49+00:00 - display.php loaded
2026-01-25T22:55:11+00:00 - display.php loaded
2026-01-25T22:59:20+00:00 - display.php loaded
2026-01-25T23:09:50+00:00 - display.php loaded
2026-01-25T23:18:31+00:00 - display.php loaded
2026-01-25T23:36:17+00:00 - display.php loaded
2026-01-25T23:36:24+00:00 - display.php loaded
2026-01-25T23:44:29+00:00 - display.php loaded
2026-01-25T23:48:10+00:00 - display.php loaded
2026-01-26T00:02:33+00:00 - display.php loaded
2026-01-26T00:32:10+00:00 - display.php loaded
2026-01-26T00:37:38+00:00 - display.php loaded
2026-01-26T00:41:50+00:00 - display.php loaded
2026-01-26T00:56:24+00:00 - display.php loaded
2026-01-26T00:56:39+00:00 - display.php loaded
2026-01-26T01:23:40+00:00 - display.php loaded
2026-01-26T01:29:53+00:00 - display.php loaded
2026-01-26T01:32:23+00:00 - display.php loaded
2026-01-26T01:57:03+00:00 - display.php loaded
2026-01-26T02:04:46+00:00 - display.php loaded
2026-01-26T02:17:46+00:00 - display.php loaded
2026-01-26T02:25:28+00:00 - display.php loaded
2026-01-26T02:25:30+00:00 - display.php loaded
2026-01-26T03:05:24+00:00 - display.php loaded
2026-01-26T03:27:44+00:00 - display.php loaded
2026-01-26T03:33:11+00:00 - display.php loaded
2026-01-26T03:40:45+00:00 - display.php loaded
2026-01-26T03:40:45+00:00 - display.php loaded
2026-01-26T03:40:45+00:00 - display.php loaded
2026-01-26T03:40:47+00:00 - display.php loaded
2026-01-26T03:48:29+00:00 - display.php loaded
2026-01-26T03:56:41+00:00 - display.php loaded
2026-01-26T03:57:20+00:00 - display.php loaded
2026-01-26T04:02:49+00:00 - display.php loaded
2026-01-26T04:05:47+00:00 - display.php loaded
2026-01-26T04:07:50+00:00 - display.php loaded
2026-01-26T04:07:58+00:00 - display.php loaded
2026-01-26T04:13:14+00:00 - display.php loaded
2026-01-26T04:21:29+00:00 - display.php loaded
2026-01-26T05:10:58+00:00 - display.php loaded
2026-01-26T05:13:15+00:00 - display.php loaded
2026-01-26T05:44:39+00:00 - display.php loaded
2026-01-26T06:07:06+00:00 - display.php loaded
2026-01-26T06:07:06+00:00 - display.php loaded
2026-01-26T06:07:09+00:00 - display.php loaded
2026-01-26T06:07:09+00:00 - display.php loaded
2026-01-26T06:18:24+00:00 - display.php loaded
2026-01-26T06:51:05+00:00 - display.php loaded
2026-01-26T07:04:21+00:00 - display.php loaded
2026-01-26T07:33:12+00:00 - display.php loaded
2026-01-26T07:35:10+00:00 - display.php loaded
2026-01-26T07:35:14+00:00 - display.php loaded
2026-01-26T07:35:46+00:00 - display.php loaded
2026-01-26T07:49:29+00:00 - display.php loaded
2026-01-26T07:51:22+00:00 - display.php loaded
2026-01-26T07:57:00+00:00 - display.php loaded
2026-01-26T08:25:52+00:00 - display.php loaded
2026-01-26T08:54:02+00:00 - display.php loaded
