[19-Jan-2026 09:40:34 UTC] PHP Fatal error:  Uncaught mysqli_sql_exception: Access denied for user 'pyx'@'localhost' (using password: YES) in /var/www/vhosts/1765.webspace.dynavee.net/lokale-tjenester.no/display.php:81
Stack trace:
#0 /var/www/vhosts/1765.webspace.dynavee.net/lokale-tjenester.no/display.php(81): mysqli->__construct()
#1 /var/www/vhosts/1765.webspace.dynavee.net/lokale-tjenester.no/index.php(2): require_once('...')
#2 {main}
  thrown in /var/www/vhosts/1765.webspace.dynavee.net/lokale-tjenester.no/display.php on line 81
[19-Jan-2026 09:40:51 UTC] PHP Fatal error:  Uncaught mysqli_sql_exception: Access denied for user 'pyx'@'localhost' (using password: YES) in /var/www/vhosts/1765.webspace.dynavee.net/lokale-tjenester.no/display.php:81
Stack trace:
#0 /var/www/vhosts/1765.webspace.dynavee.net/lokale-tjenester.no/display.php(81): mysqli->__construct()
#1 /var/www/vhosts/1765.webspace.dynavee.net/lokale-tjenester.no/index.php(2): require_once('...')
#2 {main}
  thrown in /var/www/vhosts/1765.webspace.dynavee.net/lokale-tjenester.no/display.php on line 81
[19-Jan-2026 09:51:23 UTC] PHP Fatal error:  Uncaught mysqli_sql_exception: Access denied for user 'lokale-tjenerster'@'localhost' (using password: YES) in /var/www/vhosts/1765.webspace.dynavee.net/lokale-tjenester.no/display.php:81
Stack trace:
#0 /var/www/vhosts/1765.webspace.dynavee.net/lokale-tjenester.no/display.php(81): mysqli->__construct()
#1 /var/www/vhosts/1765.webspace.dynavee.net/lokale-tjenester.no/index.php(2): require_once('...')
#2 {main}
  thrown in /var/www/vhosts/1765.webspace.dynavee.net/lokale-tjenester.no/display.php on line 81
[19-Jan-2026 09:52:16 UTC] PHP Fatal error:  Uncaught mysqli_sql_exception: Access denied for user 'lokale-tjenerster'@'localhost' (using password: YES) in /var/www/vhosts/1765.webspace.dynavee.net/lokale-tjenester.no/display.php:81
Stack trace:
#0 /var/www/vhosts/1765.webspace.dynavee.net/lokale-tjenester.no/display.php(81): mysqli->__construct()
#1 /var/www/vhosts/1765.webspace.dynavee.net/lokale-tjenester.no/index.php(2): require_once('...')
#2 {main}
  thrown in /var/www/vhosts/1765.webspace.dynavee.net/lokale-tjenester.no/display.php on line 81
[19-Jan-2026 09:52:22 UTC] PHP Fatal error:  Uncaught mysqli_sql_exception: Access denied for user 'lokale-tjenerster'@'localhost' (using password: YES) in /var/www/vhosts/1765.webspace.dynavee.net/lokale-tjenester.no/display.php:81
Stack trace:
#0 /var/www/vhosts/1765.webspace.dynavee.net/lokale-tjenester.no/display.php(81): mysqli->__construct()
#1 /var/www/vhosts/1765.webspace.dynavee.net/lokale-tjenester.no/index.php(2): require_once('...')
#2 {main}
  thrown in /var/www/vhosts/1765.webspace.dynavee.net/lokale-tjenester.no/display.php on line 81
[19-Jan-2026 09:53:11 UTC] PHP Fatal error:  Uncaught mysqli_sql_exception: Access denied for user 'lokale-tjenerster'@'localhost' (using password: YES) in /var/www/vhosts/1765.webspace.dynavee.net/lokale-tjenester.no/display.php:81
Stack trace:
#0 /var/www/vhosts/1765.webspace.dynavee.net/lokale-tjenester.no/display.php(81): mysqli->__construct()
#1 /var/www/vhosts/1765.webspace.dynavee.net/lokale-tjenester.no/index.php(2): require_once('...')
#2 {main}
  thrown in /var/www/vhosts/1765.webspace.dynavee.net/lokale-tjenester.no/display.php on line 81
[19-Jan-2026 09:54:03 UTC] PHP Fatal error:  Uncaught mysqli_sql_exception: Access denied for user 'lokale-tjenerster'@'localhost' (using password: YES) in /var/www/vhosts/1765.webspace.dynavee.net/lokale-tjenester.no/display.php:81
Stack trace:
#0 /var/www/vhosts/1765.webspace.dynavee.net/lokale-tjenester.no/display.php(81): mysqli->__construct()
#1 /var/www/vhosts/1765.webspace.dynavee.net/lokale-tjenester.no/index.php(2): require_once('...')
#2 {main}
  thrown in /var/www/vhosts/1765.webspace.dynavee.net/lokale-tjenester.no/display.php on line 81
[19-Jan-2026 09:54:04 UTC] PHP Fatal error:  Uncaught mysqli_sql_exception: Access denied for user 'lokale-tjenerster'@'localhost' (using password: YES) in /var/www/vhosts/1765.webspace.dynavee.net/lokale-tjenester.no/display.php:81
Stack trace:
#0 /var/www/vhosts/1765.webspace.dynavee.net/lokale-tjenester.no/display.php(81): mysqli->__construct()
#1 /var/www/vhosts/1765.webspace.dynavee.net/lokale-tjenester.no/index.php(2): require_once('...')
#2 {main}
  thrown in /var/www/vhosts/1765.webspace.dynavee.net/lokale-tjenester.no/display.php on line 81
[19-Jan-2026 09:56:51 UTC] PHP Fatal error:  Uncaught mysqli_sql_exception: Access denied for user 'lokale-tjenerster'@'localhost' (using password: YES) in /var/www/vhosts/1765.webspace.dynavee.net/lokale-tjenester.no/display.php:81
Stack trace:
#0 /var/www/vhosts/1765.webspace.dynavee.net/lokale-tjenester.no/display.php(81): mysqli->__construct()
#1 /var/www/vhosts/1765.webspace.dynavee.net/lokale-tjenester.no/index.php(2): require_once('...')
#2 {main}
  thrown in /var/www/vhosts/1765.webspace.dynavee.net/lokale-tjenester.no/display.php on line 81
[19-Jan-2026 09:58:11 UTC] PHP Fatal error:  Uncaught mysqli_sql_exception: Access denied for user 'lokale-tjenester'@'localhost' to database 'DB' in /var/www/vhosts/1765.webspace.dynavee.net/lokale-tjenester.no/display.php:81
Stack trace:
#0 /var/www/vhosts/1765.webspace.dynavee.net/lokale-tjenester.no/display.php(81): mysqli->__construct()
#1 /var/www/vhosts/1765.webspace.dynavee.net/lokale-tjenester.no/index.php(2): require_once('...')
#2 {main}
  thrown in /var/www/vhosts/1765.webspace.dynavee.net/lokale-tjenester.no/display.php on line 81
[19-Jan-2026 09:58:12 UTC] PHP Fatal error:  Uncaught mysqli_sql_exception: Access denied for user 'lokale-tjenester'@'localhost' to database 'DB' in /var/www/vhosts/1765.webspace.dynavee.net/lokale-tjenester.no/display.php:81
Stack trace:
#0 /var/www/vhosts/1765.webspace.dynavee.net/lokale-tjenester.no/display.php(81): mysqli->__construct()
#1 /var/www/vhosts/1765.webspace.dynavee.net/lokale-tjenester.no/index.php(2): require_once('...')
#2 {main}
  thrown in /var/www/vhosts/1765.webspace.dynavee.net/lokale-tjenester.no/display.php on line 81
[19-Jan-2026 09:58:24 UTC] PHP Fatal error:  Uncaught mysqli_sql_exception: Access denied for user 'lokale-tjenester'@'localhost' to database 'DB' in /var/www/vhosts/1765.webspace.dynavee.net/lokale-tjenester.no/display.php:81
Stack trace:
#0 /var/www/vhosts/1765.webspace.dynavee.net/lokale-tjenester.no/display.php(81): mysqli->__construct()
#1 /var/www/vhosts/1765.webspace.dynavee.net/lokale-tjenester.no/index.php(2): require_once('...')
#2 {main}
  thrown in /var/www/vhosts/1765.webspace.dynavee.net/lokale-tjenester.no/display.php on line 81
[19-Jan-2026 09:58:30 UTC] PHP Fatal error:  Uncaught mysqli_sql_exception: Access denied for user 'lokale-tjenester'@'localhost' to database 'DB' in /var/www/vhosts/1765.webspace.dynavee.net/lokale-tjenester.no/display.php:81
Stack trace:
#0 /var/www/vhosts/1765.webspace.dynavee.net/lokale-tjenester.no/display.php(81): mysqli->__construct()
#1 /var/www/vhosts/1765.webspace.dynavee.net/lokale-tjenester.no/index.php(2): require_once('...')
#2 {main}
  thrown in /var/www/vhosts/1765.webspace.dynavee.net/lokale-tjenester.no/display.php on line 81
